<?xml version="1.0" encoding="UTF-8"?>
<testsuite name="Formulario SWAGLABS" tests="1" skipped="0" failures="1" errors="0" timestamp="2022-03-24T16:49:37" hostname="CHMEPPF37Q5J7" time="6.425">
  <properties/>
  <testcase name="agrega CART formulario  Validation," classname="Formulario SWAGLABS" time="6.425">
    <failure message="java.lang.AssertionError: &#10;Expected: a string containing &quot;Products&quot;&#10;     but: was &quot;PRODUCTS&#10;NAME (A TO Z)&#10;Name (A to Z)&#10;Name (Z to A)&#10;Price (low to high)&#10;Price (high to low)&quot;" type="java.lang.AssertionError">java.lang.AssertionError: 
Expected: a string containing &quot;Products&quot;
     but: was &quot;PRODUCTS
NAME (A TO Z)
Name (A to Z)
Name (Z to A)
Price (low to high)
Price (high to low)&quot;
	at org.hamcrest.MatcherAssert.assertThat(MatcherAssert.java:20)
	at org.hamcrest.MatcherAssert.assertThat(MatcherAssert.java:8)
	at pages.LoginSwaglabsPage.VerificaHome(LoginSwaglabsPage.java:40)
	at steps.SwagValidationStep.login_Swag(SwagValidationStep.java:19)
	at steps.SwagValidationStep$ByteBuddy$FGPEsI7B.login_Swag$accessor$Fidh3oww(Unknown Source)
	at sun.reflect.NativeMethodAccessorImpl.invoke0(Native Method)
	at sun.reflect.NativeMethodAccessorImpl.invoke(NativeMethodAccessorImpl.java:62)
	at sun.reflect.DelegatingMethodAccessorImpl.invoke(DelegatingMethodAccessorImpl.java:43)
	at java.lang.reflect.Method.invoke(Method.java:498)
	at net.thucydides.core.steps.StepInterceptor.invokeMethod(StepInterceptor.java:488)
	at net.thucydides.core.steps.StepInterceptor.executeTestStepMethod(StepInterceptor.java:468)
	at net.thucydides.core.steps.StepInterceptor.runTestStep(StepInterceptor.java:441)
	at net.thucydides.core.steps.StepInterceptor.runOrSkipMethod(StepInterceptor.java:197)
	at net.thucydides.core.steps.StepInterceptor.testStepResult(StepInterceptor.java:184)
	at net.thucydides.core.steps.StepInterceptor.intercept(StepInterceptor.java:77)
	at steps.SwagValidationStep$ByteBuddy$FGPEsI7B.login_Swag(Unknown Source)
	at definitions.SwagValidacionDefinicion.autentico_en_SWAGLABS_usuario(SwagValidacionDefinicion.java:19)
	at ✽.Autentico en SWAGLABS con usuario &quot;standard_user&quot; y clave &quot;secret_sauce&quot;(src/test/resources/features/Realizarcompra.feature:12)
</failure>
    <failure message="cucumber.runtime.junit.UndefinedThrowable: The step &quot;Exitoso&quot; is undefined" type="cucumber.runtime.junit.UndefinedThrowable">cucumber.runtime.junit.UndefinedThrowable: The step &quot;Exitoso&quot; is undefined
</failure>
  </testcase>
  <system-out><![CDATA[]]></system-out>
  <system-err><![CDATA[mar 24, 2022 11:49:38 AM org.openqa.selenium.remote.DesiredCapabilities chrome
INFORMACIÓN: Using `new ChromeOptions()` is preferred to `DesiredCapabilities.chrome()`
[Test worker] INFO net.serenitybdd.core.webdriver.driverproviders.ProvideNewDriver - Instantiating driver
[Test worker] INFO net.serenitybdd.core.webdriver.driverproviders.ProvideNewDriver - Driver capabilities: Capabilities {acceptInsecureCerts: false, acceptSslCerts: true, browserName: chrome, chrome.switches: --disable-extensions,--star..., goog:chromeOptions: {args: [--disable-extensions, --start-maximized, --test-type, --user-agent=New User Agent], extensions: [], prefs: {pdfjs.disabled: true, profile_default_content_settings.popups: 0}}, handlesAlerts: true, loggingPrefs: org.openqa.selenium.logging..., platform: ANY, version: }
Starting ChromeDriver 99.0.4844.51 (d537ec02474b5afe23684e7963d538896c63ac77-refs/branch-heads/4844@{#875}) on port 17697
Only local connections are allowed.
Please see https://chromedriver.chromium.org/security-considerations for suggestions on keeping ChromeDriver safe.
ChromeDriver was started successfully.
mar 24, 2022 11:49:41 AM org.openqa.selenium.remote.ProtocolHandshake createSession
INFORMACIÓN: Detected dialect: W3C
[Test worker] INFO net.thucydides.core.steps.ConsoleLoggingListener - TEST PENDING
[Test worker] ERROR net.thucydides.core.steps.ConsoleLoggingListener - 
           __  _____ _____ ____ _____   _____ _    ___ _     _____ ____  
  _       / / |_   _| ____/ ___|_   _| |  ___/ \  |_ _| |   | ____|  _ \ 
 (_)_____| |    | | |  _| \___ \ | |   | |_ / _ \  | || |   |  _| | | | |
  _|_____| |    | | | |___ ___) || |   |  _/ ___ \ | || |___| |___| |_| |
 (_)     | |    |_| |_____|____/ |_|   |_|/_/   \_\___|_____|_____|____/ 
          \_\                                                            

TEST FAILED: agrega CART formulario  Validation,
--------------------------------------------------------------------------
[Test worker] ERROR net.thucydides.core.steps.ConsoleLoggingListener - TEST FAILED AT STEP Login swag: standard_user, secret_sauce
[Test worker] ERROR net.thucydides.core.steps.ConsoleLoggingListener - Expected: a string containing "Products" but: was "PRODUCTSNAME (A TO Z)Name (A to Z)Name (Z to A)Price (low to high)Price (high to low)"
]]></system-err>
</testsuite>
